<?xml version="1.0" encoding="UTF-8"?>
<!-- Generated by org.testng.reporters.JUnitReportReporter -->
<testsuite hostname="Tom" failures="0" tests="1" name="com.MyStore.testCases.EndToEndTest" time="41.011" errors="0" timestamp="2024-01-27T15:40:25 IST" skipped="0">
  <testcase classname="com.MyStore.testCases.EndToEndTest" name="endToendTest" time="41.011"/>
  <system-out/>
</testsuite> <!-- com.MyStore.testCases.EndToEndTest -->
