<?xml version="1.0" encoding="UTF-8"?>
<!-- Generated by org.testng.reporters.JUnitReportReporter -->
<testsuite hostname="Tom" failures="0" tests="1" name="com.MyStore.testCases.OrderPageTestCase" time="28.848" errors="0" timestamp="2024-01-27T15:40:25 IST" skipped="0">
  <testcase classname="com.MyStore.testCases.OrderPageTestCase" name="verifyPriceTest" time="28.848"/>
  <system-out/>
</testsuite> <!-- com.MyStore.testCases.OrderPageTestCase -->
