<?xml version="1.0" encoding="UTF-8"?>
<!-- Generated by org.testng.reporters.JUnitReportReporter -->
<testsuite hostname="Tom" failures="0" tests="1" name="com.MyStore.testCases.LoginTestCase" time="11.034" errors="0" timestamp="2023-12-16T00:33:43 IST" skipped="0">
  <testcase classname="com.MyStore.testCases.LoginTestCase" name="loginTest" time="11.034"/>
  <system-out/>
</testsuite> <!-- com.MyStore.testCases.LoginTestCase -->
