<?xml version="1.0" encoding="UTF-8"?>
<!-- Generated by org.testng.reporters.JUnitReportReporter -->
<testsuite hostname="Tom" failures="0" tests="1" name="com.MyStore.testCases.LoginTestCase" time="10.976" errors="0" timestamp="2024-01-27T15:19:16 IST" skipped="0">
  <testcase classname="com.MyStore.testCases.LoginTestCase" name="loginTest" time="10.976"/>
  <system-out/>
</testsuite> <!-- com.MyStore.testCases.LoginTestCase -->
