<?xml version="1.0" encoding="UTF-8"?>
<!-- Generated by org.testng.reporters.JUnitReportReporter -->
<testsuite hostname="Tom" failures="0" tests="1" name="com.MyStore.testCases.EndToEndTest" time="41.235" errors="0" timestamp="2023-12-15T22:57:21 IST" skipped="0">
  <testcase classname="com.MyStore.testCases.EndToEndTest" name="endToendTest" time="41.235"/>
  <system-out/>
</testsuite> <!-- com.MyStore.testCases.EndToEndTest -->
