<?xml version="1.0" encoding="UTF-8"?>
<!-- Generated by org.testng.reporters.JUnitReportReporter -->
<testsuite hostname="Tom" failures="0" tests="2" name="com.MyStore.testCases.IndexTestCase" time="22.059" errors="0" timestamp="2023-12-16T00:33:43 IST" skipped="0">
  <testcase classname="com.MyStore.testCases.IndexTestCase" name="verifyTitle" time="13.677"/>
  <system-out/>
  <testcase classname="com.MyStore.testCases.IndexTestCase" name="validateLogo" time="8.382"/>
  <system-out/>
</testsuite> <!-- com.MyStore.testCases.IndexTestCase -->
