<?xml version="1.0" encoding="UTF-8"?>
<!-- Generated by org.testng.reporters.JUnitReportReporter -->
<testsuite hostname="Tom" failures="0" tests="1" name="com.MyStore.testCases.SearchResultPageTestCase" time="11.726" errors="0" timestamp="2023-12-15T17:51:22 IST" skipped="0">
  <testcase classname="com.MyStore.testCases.SearchResultPageTestCase" name="productAvailabilityTest" time="11.726"/>
  <system-out/>
</testsuite> <!-- com.MyStore.testCases.SearchResultPageTestCase -->
