<?xml version="1.0" encoding="UTF-8"?>
<!-- Generated by org.testng.reporters.JUnitReportReporter -->
<testsuite hostname="Tom" failures="0" tests="1" name="com.MyStore.testCases.MorepageTestCase" time="13.756" errors="0" timestamp="2023-12-15T20:19:25 IST" skipped="0">
  <testcase classname="com.MyStore.testCases.MorepageTestCase" name="MorePageTest" time="13.756"/>
  <system-out/>
</testsuite> <!-- com.MyStore.testCases.MorepageTestCase -->
