<?xml version="1.0" encoding="UTF-8"?>
<!-- Generated by org.testng.reporters.JUnitReportReporter -->
<testsuite hostname="Tom" failures="0" tests="2" name="com.MyStore.testCases.HomepageTestCase" time="24.456" errors="0" timestamp="2023-12-16T00:33:43 IST" skipped="0">
  <testcase classname="com.MyStore.testCases.HomepageTestCase" name="personalInformationTest" time="11.702"/>
  <system-out/>
  <testcase classname="com.MyStore.testCases.HomepageTestCase" name="oderHistoryTest" time="12.754"/>
  <system-out/>
</testsuite> <!-- com.MyStore.testCases.HomepageTestCase -->
