<?xml version="1.0" encoding="UTF-8"?>
<!-- Generated by org.testng.reporters.JUnitReportReporter -->
<testsuite hostname="Tom" failures="0" tests="1" name="com.MyStore.testCases.indexTestCase" time="11.710" errors="0" timestamp="2023-12-12T21:34:10 IST" skipped="0">
  <testcase classname="com.MyStore.testCases.indexTestCase" name="verifyTitle" time="11.710"/>
  <system-out/>
</testsuite> <!-- com.MyStore.testCases.indexTestCase -->
