<?xml version="1.0" encoding="UTF-8"?>
<!-- Generated by org.testng.reporters.JUnitReportReporter -->
<testsuite hostname="Tom" failures="0" tests="1" name="com.MyStore.testCases.SearchResultPageTestCase" time="10.127" errors="0" timestamp="2024-01-27T15:19:16 IST" skipped="0">
  <testcase classname="com.MyStore.testCases.SearchResultPageTestCase" name="productAvailabilityTest" time="10.127"/>
  <system-out/>
</testsuite> <!-- com.MyStore.testCases.SearchResultPageTestCase -->
