<?xml version="1.0" encoding="UTF-8"?>
<!-- Generated by org.testng.reporters.JUnitReportReporter -->
<testsuite hostname="Tom" failures="0" tests="2" name="com.MyStore.testCases.IndexTestCase" time="15.539" errors="0" timestamp="2024-01-27T15:19:16 IST" skipped="0">
  <testcase classname="com.MyStore.testCases.IndexTestCase" name="validateLogo" time="7.790"/>
  <system-out/>
  <testcase classname="com.MyStore.testCases.IndexTestCase" name="verifyTitle" time="7.749"/>
  <system-out/>
</testsuite> <!-- com.MyStore.testCases.IndexTestCase -->
