<?xml version="1.0" encoding="UTF-8"?>
<!-- Generated by org.testng.reporters.JUnitReportReporter -->
<testsuite hostname="Tom" failures="0" tests="2" name="com.MyStore.testCases.HomepageTestCase" time="34.285" errors="0" timestamp="2023-12-15T01:08:49 IST" skipped="0">
  <testcase classname="com.MyStore.testCases.HomepageTestCase" name="personalInformationTest" time="15.012"/>
  <system-out/>
  <testcase classname="com.MyStore.testCases.HomepageTestCase" name="oderHistoryTest" time="19.273"/>
  <system-out/>
</testsuite> <!-- com.MyStore.testCases.HomepageTestCase -->
