<?xml version="1.0" encoding="UTF-8"?>
<!-- Generated by org.testng.reporters.JUnitReportReporter -->
<testsuite hostname="Tom" failures="0" tests="1" name="com.MyStore.testCases.HomepageTestCase" time="21.625" errors="0" timestamp="2024-01-27T15:19:16 IST" skipped="0">
  <testcase classname="com.MyStore.testCases.HomepageTestCase" name="oderHistoryTest" time="21.625"/>
  <system-out/>
</testsuite> <!-- com.MyStore.testCases.HomepageTestCase -->
