<?xml version="1.0" encoding="UTF-8"?>
<!-- Generated by org.testng.reporters.JUnitReportReporter -->
<testsuite hostname="Tom" failures="0" tests="1" name="com.MyStore.testCases.LoginTestCase" time="11.139" errors="0" timestamp="2023-12-15T01:08:49 IST" skipped="0">
  <testcase classname="com.MyStore.testCases.LoginTestCase" name="loginTest" time="11.139"/>
  <system-out/>
</testsuite> <!-- com.MyStore.testCases.LoginTestCase -->
